Compiling the C compiler identification source file "CMakeCCompilerId.c" failed.
Compiler: /usr/bin/g++-4.6 
Build flags: 
Id flags: 

The output was:
1
CMakeCCompilerId.c:2:3: error: #error "A C++ compiler has been selected for C."


Compiling the C compiler identification source file "CMakeCCompilerId.c" failed.
Compiler: /usr/bin/g++-4.6 
Build flags: 
Id flags: -c

The output was:
1
CMakeCCompilerId.c:2:3: error: #error "A C++ compiler has been selected for C."


Compiling the C compiler identification source file "CMakeCCompilerId.c" failed.
Compiler: /usr/bin/g++-4.6 
Build flags: 
Id flags: -Aa

The output was:
1
<command-line>:0:1: error: missing '(' after predicate
CMakeCCompilerId.c:2:3: error: #error "A C++ compiler has been selected for C."


Determining if the C compiler works failed with the following output:
Change Dir: /home/UAVTeam/catkin_ws/build/CMakeFiles/CMakeTmp

Run Build Command:/usr/bin/make "cmTryCompileExec/fast"
/usr/bin/make -f CMakeFiles/cmTryCompileExec.dir/build.make CMakeFiles/cmTryCompileExec.dir/build
make[1]: Entering directory `/home/UAVTeam/catkin_ws/build/CMakeFiles/CMakeTmp'
/usr/bin/cmake -E cmake_progress_report /home/UAVTeam/catkin_ws/build/CMakeFiles/CMakeTmp/CMakeFiles 1
Building C object CMakeFiles/cmTryCompileExec.dir/testCCompiler.c.o
/usr/bin/g++-4.6    -o CMakeFiles/cmTryCompileExec.dir/testCCompiler.c.o   -c /home/UAVTeam/catkin_ws/build/CMakeFiles/CMakeTmp/testCCompiler.c
/home/UAVTeam/catkin_ws/build/CMakeFiles/CMakeTmp/testCCompiler.c:2:3: error: #error "The CMAKE_C_COMPILER is set to a C++ compiler"
make[1]: *** [CMakeFiles/cmTryCompileExec.dir/testCCompiler.c.o] Error 1
make[1]: Leaving directory `/home/UAVTeam/catkin_ws/build/CMakeFiles/CMakeTmp'
make: *** [cmTryCompileExec/fast] Error 2


Compiling the C compiler identification source file "CMakeCCompilerId.c" failed.
Compiler: /usr/bin/g++-4.6 
Build flags: 
Id flags: 

The output was:
1
CMakeCCompilerId.c:2:3: error: #error "A C++ compiler has been selected for C."


Compiling the C compiler identification source file "CMakeCCompilerId.c" failed.
Compiler: /usr/bin/g++-4.6 
Build flags: 
Id flags: -c

The output was:
1
CMakeCCompilerId.c:2:3: error: #error "A C++ compiler has been selected for C."


Compiling the C compiler identification source file "CMakeCCompilerId.c" failed.
Compiler: /usr/bin/g++-4.6 
Build flags: 
Id flags: -Aa

The output was:
1
<command-line>:0:1: error: missing '(' after predicate
CMakeCCompilerId.c:2:3: error: #error "A C++ compiler has been selected for C."


Determining if the C compiler works failed with the following output:
Change Dir: /home/UAVTeam/catkin_ws/build/CMakeFiles/CMakeTmp

Run Build Command:/usr/bin/make "cmTryCompileExec/fast"
make[1]: Entering directory `/home/UAVTeam/catkin_ws/build/CMakeFiles/CMakeTmp'
/usr/bin/make -f CMakeFiles/cmTryCompileExec.dir/build.make CMakeFiles/cmTryCompileExec.dir/build
make[2]: Entering directory `/home/UAVTeam/catkin_ws/build/CMakeFiles/CMakeTmp'
/usr/bin/cmake -E cmake_progress_report /home/UAVTeam/catkin_ws/build/CMakeFiles/CMakeTmp/CMakeFiles 1
Building C object CMakeFiles/cmTryCompileExec.dir/testCCompiler.c.o
/usr/bin/g++-4.6    -o CMakeFiles/cmTryCompileExec.dir/testCCompiler.c.o   -c /home/UAVTeam/catkin_ws/build/CMakeFiles/CMakeTmp/testCCompiler.c
/home/UAVTeam/catkin_ws/build/CMakeFiles/CMakeTmp/testCCompiler.c:2:3: error: #error "The CMAKE_C_COMPILER is set to a C++ compiler"
make[2]: *** [CMakeFiles/cmTryCompileExec.dir/testCCompiler.c.o] Error 1
make[2]: Leaving directory `/home/UAVTeam/catkin_ws/build/CMakeFiles/CMakeTmp'
make[1]: *** [cmTryCompileExec/fast] Error 2
make[1]: Leaving directory `/home/UAVTeam/catkin_ws/build/CMakeFiles/CMakeTmp'


Determining if the function pthread_create exists in the pthreads failed with the following output:
Change Dir: /home/UAVTeam/catkin_ws/build/CMakeFiles/CMakeTmp

Run Build Command:/usr/bin/make "cmTryCompileExec/fast"
/usr/bin/make -f CMakeFiles/cmTryCompileExec.dir/build.make CMakeFiles/cmTryCompileExec.dir/build
make[1]: Entering directory `/home/UAVTeam/catkin_ws/build/CMakeFiles/CMakeTmp'
/usr/bin/cmake -E cmake_progress_report /home/UAVTeam/catkin_ws/build/CMakeFiles/CMakeTmp/CMakeFiles 1
Building C object CMakeFiles/cmTryCompileExec.dir/CheckFunctionExists.c.o
/usr/bin/gcc   -DCHECK_FUNCTION_EXISTS=pthread_create   -o CMakeFiles/cmTryCompileExec.dir/CheckFunctionExists.c.o   -c /usr/share/cmake-2.8/Modules/CheckFunctionExists.c
Linking C executable cmTryCompileExec
/usr/bin/cmake -E cmake_link_script CMakeFiles/cmTryCompileExec.dir/link.txt --verbose=1
/usr/bin/gcc     -DCHECK_FUNCTION_EXISTS=pthread_create    CMakeFiles/cmTryCompileExec.dir/CheckFunctionExists.c.o  -o cmTryCompileExec -rdynamic -lpthreads 
/usr/bin/ld: cannot find -lpthreads
collect2: error: ld returned 1 exit status
make[1]: *** [cmTryCompileExec] Error 1
make[1]: Leaving directory `/home/UAVTeam/catkin_ws/build/CMakeFiles/CMakeTmp'
make: *** [cmTryCompileExec/fast] Error 2


